# JRE version: 7.0_10-b18
# Java VM: Java HotSpot(TM) 64-Bit Server VM (23.6-b04 mixed mode bsd-amd64 compressed oops)
Heap
 PSYoungGen      total 12160K, used 9942K [0x00000007e2a00000, 0x00000007e7c00000, 0x0000000800000000)
  eden space 12032K, 81% used [0x00000007e2a00000,0x00000007e339db68,0x00000007e35c0000)
  from space 128K, 75% used [0x00000007e35f0000,0x00000007e3608000,0x00000007e3610000)
  to   space 35968K, 0% used [0x00000007e58e0000,0x00000007e58e0000,0x00000007e7c00000)
 ParOldGen       total 73536K, used 24631K [0x00000007a7e00000, 0x00000007ac5d0000, 0x00000007e2a00000)
  object space 73536K, 33% used [0x00000007a7e00000,0x00000007a960dcc0,0x00000007ac5d0000)
 PSPermGen       total 26752K, used 11777K [0x00000007a2c00000, 0x00000007a4620000, 0x00000007a7e00000)
  object space 26752K, 44% used [0x00000007a2c00000,0x00000007a3780510,0x00000007a4620000)
GC Heap History (10 events):
Event: 139.500 GC heap before
{Heap before GC invocations=9 (full 1):
 PSYoungGen      total 43776K, used 38582K [0x00000007e2a00000, 0x00000007e74d0000, 0x0000000800000000)
  eden space 17088K, 100% used [0x00000007e2a00000,0x00000007e3ab0000,0x00000007e3ab0000)
  from space 26688K, 80% used [0x00000007e3b10000,0x00000007e500da80,0x00000007e5520000)
  to   space 29760K, 0% used [0x00000007e57c0000,0x00000007e57c0000,0x00000007e74d0000)
 ParOldGen       total 72000K, used 36356K [0x00000007a7e00000, 0x00000007ac450000, 0x00000007e2a00000)
  object space 72000K, 50% used [0x00000007a7e00000,0x00000007aa1813d8,0x00000007ac450000)
 PSPermGen       total 24000K, used 11768K [0x00000007a2c00000, 0x00000007a4370000, 0x00000007a7e00000)
  object space 24000K, 49% used [0x00000007a2c00000,0x00000007a377e298,0x00000007a4370000)
Event: 139.509 GC heap after
Heap after GC invocations=9 (full 1):
 PSYoungGen      total 42624K, used 26813K [0x00000007e2a00000, 0x00000007e7cc0000, 0x0000000800000000)
  eden space 12864K, 0% used [0x00000007e2a00000,0x00000007e2a00000,0x00000007e3690000)
  from space 29760K, 90% used [0x00000007e57c0000,0x00000007e71ef790,0x00000007e74d0000)
  to   space 33984K, 0% used [0x00000007e3690000,0x00000007e3690000,0x00000007e57c0000)
 ParOldGen       total 72000K, used 36356K [0x00000007a7e00000, 0x00000007ac450000, 0x00000007e2a00000)
  object space 72000K, 50% used [0x00000007a7e00000,0x00000007aa1813d8,0x00000007ac450000)
 PSPermGen       total 24000K, used 11768K [0x00000007a2c00000, 0x00000007a4370000, 0x00000007a7e00000)
  object space 24000K, 49% used [0x00000007a2c00000,0x00000007a377e298,0x00000007a4370000)
}
Event: 154.348 GC heap before
{Heap before GC invocations=10 (full 1):
 PSYoungGen      total 42624K, used 39677K [0x00000007e2a00000, 0x00000007e7cc0000, 0x0000000800000000)
  eden space 12864K, 100% used [0x00000007e2a00000,0x00000007e3690000,0x00000007e3690000)
  from space 29760K, 90% used [0x00000007e57c0000,0x00000007e71ef790,0x00000007e74d0000)
  to   space 33984K, 0% used [0x00000007e3690000,0x00000007e3690000,0x00000007e57c0000)
 ParOldGen       total 72000K, used 36356K [0x00000007a7e00000, 0x00000007ac450000, 0x00000007e2a00000)
  object space 72000K, 50% used [0x00000007a7e00000,0x00000007aa1813d8,0x00000007ac450000)
 PSPermGen       total 24000K, used 11775K [0x00000007a2c00000, 0x00000007a4370000, 0x00000007a7e00000)
  object space 24000K, 49% used [0x00000007a2c00000,0x00000007a377fc18,0x00000007a4370000)
Event: 154.354 GC heap after
Heap after GC invocations=10 (full 1):
 PSYoungGen      total 46656K, used 23157K [0x00000007e2a00000, 0x00000007e7ba0000, 0x0000000800000000)
  eden space 12672K, 0% used [0x00000007e2a00000,0x00000007e2a00000,0x00000007e3660000)
  from space 33984K, 68% used [0x00000007e3690000,0x00000007e4d2d718,0x00000007e57c0000)
  to   space 35456K, 0% used [0x00000007e5900000,0x00000007e5900000,0x00000007e7ba0000)
 ParOldGen       total 72000K, used 40630K [0x00000007a7e00000, 0x00000007ac450000, 0x00000007e2a00000)
  object space 72000K, 56% used [0x00000007a7e00000,0x00000007aa5adab0,0x00000007ac450000)
 PSPermGen       total 24000K, used 11775K [0x00000007a2c00000, 0x00000007a4370000, 0x00000007a7e00000)
  object space 24000K, 49% used [0x00000007a2c00000,0x00000007a377fc18,0x00000007a4370000)
}
Event: 156.938 GC heap before
{Heap before GC invocations=11 (full 1):
 PSYoungGen      total 46656K, used 35829K [0x00000007e2a00000, 0x00000007e7ba0000, 0x0000000800000000)
  eden space 12672K, 100% used [0x00000007e2a00000,0x00000007e3660000,0x00000007e3660000)
  from space 33984K, 68% used [0x00000007e3690000,0x00000007e4d2d718,0x00000007e57c0000)
  to   space 35456K, 0% used [0x00000007e5900000,0x00000007e5900000,0x00000007e7ba0000)
 ParOldGen       total 72000K, used 40630K [0x00000007a7e00000, 0x00000007ac450000, 0x00000007e2a00000)
  object space 72000K, 56% used [0x00000007a7e00000,0x00000007aa5adab0,0x00000007ac450000)
 PSPermGen       total 24000K, used 11775K [0x00000007a2c00000, 0x00000007a4370000, 0x00000007a7e00000)
  object space 24000K, 49% used [0x00000007a2c00000,0x00000007a377fe78,0x00000007a4370000)
Event: 156.948 GC heap after
Heap after GC invocations=11 (full 1):
 PSYoungGen      total 47680K, used 719K [0x00000007e2a00000, 0x00000007e7c50000, 0x0000000800000000)
  eden space 12224K, 0% used [0x00000007e2a00000,0x00000007e2a00000,0x00000007e35f0000)
  from space 35456K, 2% used [0x00000007e5900000,0x00000007e59b3d70,0x00000007e7ba0000)
  to   space 35904K, 0% used [0x00000007e35f0000,0x00000007e35f0000,0x00000007e5900000)
 ParOldGen       total 72000K, used 63048K [0x00000007a7e00000, 0x00000007ac450000, 0x00000007e2a00000)
  object space 72000K, 87% used [0x00000007a7e00000,0x00000007abb921e8,0x00000007ac450000)
 PSPermGen       total 24000K, used 11775K [0x00000007a2c00000, 0x00000007a4370000, 0x00000007a7e00000)
  object space 24000K, 49% used [0x00000007a2c00000,0x00000007a377fe78,0x00000007a4370000)
}
Event: 156.948 GC heap before
{Heap before GC invocations=12 (full 2):
 PSYoungGen      total 47680K, used 719K [0x00000007e2a00000, 0x00000007e7c50000, 0x0000000800000000)
  eden space 12224K, 0% used [0x00000007e2a00000,0x00000007e2a00000,0x00000007e35f0000)
  from space 35456K, 2% used [0x00000007e5900000,0x00000007e59b3d70,0x00000007e7ba0000)
  to   space 35904K, 0% used [0x00000007e35f0000,0x00000007e35f0000,0x00000007e5900000)
 ParOldGen       total 72000K, used 63048K [0x00000007a7e00000, 0x00000007ac450000, 0x00000007e2a00000)
  object space 72000K, 87% used [0x00000007a7e00000,0x00000007abb921e8,0x00000007ac450000)
 PSPermGen       total 24000K, used 11775K [0x00000007a2c00000, 0x00000007a4370000, 0x00000007a7e00000)
  object space 24000K, 49% used [0x00000007a2c00000,0x00000007a377fe78,0x00000007a4370000)
Event: 156.975 GC heap after
Heap after GC invocations=12 (full 2):
 PSYoungGen      total 47680K, used 0K [0x00000007e2a00000, 0x00000007e7c50000, 0x0000000800000000)
  eden space 12224K, 0% used [0x00000007e2a00000,0x00000007e2a00000,0x00000007e35f0000)
  from space 35456K, 0% used [0x00000007e5900000,0x00000007e5900000,0x00000007e7ba0000)
  to   space 35904K, 0% used [0x00000007e35f0000,0x00000007e35f0000,0x00000007e5900000)
 ParOldGen       total 73536K, used 24631K [0x00000007a7e00000, 0x00000007ac5d0000, 0x00000007e2a00000)
  object space 73536K, 33% used [0x00000007a7e00000,0x00000007a960dcc0,0x00000007ac5d0000)
 PSPermGen       total 26752K, used 11775K [0x00000007a2c00000, 0x00000007a4620000, 0x00000007a7e00000)
  object space 26752K, 44% used [0x00000007a2c00000,0x00000007a377fe58,0x00000007a4620000)
}
Event: 160.254 GC heap before
{Heap before GC invocations=13 (full 2):
 PSYoungGen      total 47680K, used 12224K [0x00000007e2a00000, 0x00000007e7c50000, 0x0000000800000000)
  eden space 12224K, 100% used [0x00000007e2a00000,0x00000007e35f0000,0x00000007e35f0000)
  from space 35456K, 0% used [0x00000007e5900000,0x00000007e5900000,0x00000007e7ba0000)
  to   space 35904K, 0% used [0x00000007e35f0000,0x00000007e35f0000,0x00000007e5900000)
 ParOldGen       total 73536K, used 24631K [0x00000007a7e00000, 0x00000007ac5d0000, 0x00000007e2a00000)
  object space 73536K, 33% used [0x00000007a7e00000,0x00000007a960dcc0,0x00000007ac5d0000)
 PSPermGen       total 26752K, used 11776K [0x00000007a2c00000, 0x00000007a4620000, 0x00000007a7e00000)
  object space 26752K, 44% used [0x00000007a2c00000,0x00000007a3780358,0x00000007a4620000)
Event: 160.255 GC heap after
Heap after GC invocations=13 (full 2):
 PSYoungGen      total 12160K, used 96K [0x00000007e2a00000, 0x00000007e7c00000, 0x0000000800000000)
  eden space 12032K, 0% used [0x00000007e2a00000,0x00000007e2a00000,0x00000007e35c0000)
  from space 128K, 75% used [0x00000007e35f0000,0x00000007e3608000,0x00000007e3610000)
  to   space 35968K, 0% used [0x00000007e58e0000,0x00000007e58e0000,0x00000007e7c00000)
 ParOldGen       total 73536K, used 24631K [0x00000007a7e00000, 0x00000007ac5d0000, 0x00000007e2a00000)
  object space 73536K, 33% used [0x00000007a7e00000,0x00000007a960dcc0,0x00000007ac5d0000)
 PSPermGen       total 26752K, used 11776K [0x00000007a2c00000, 0x00000007a4620000, 0x00000007a7e00000)
  object space 26752K, 44% used [0x00000007a2c00000,0x00000007a3780358,0x00000007a4620000)
}

