# JRE version: 7.0_10-b18
# Java VM: Java HotSpot(TM) 64-Bit Server VM (23.6-b04 mixed mode bsd-amd64 compressed oops)
Heap
 PSYoungGen      total 26048K, used 11303K [0x00000007e2eb0000, 0x00000007e4bc0000, 0x0000000800000000)
  eden space 22336K, 34% used [0x00000007e2eb0000,0x00000007e361e398,0x00000007e4480000)
  from space 3712K, 99% used [0x00000007e4820000,0x00000007e4bbbbb8,0x00000007e4bc0000)
  to   space 3712K, 0% used [0x00000007e4480000,0x00000007e4480000,0x00000007e4820000)
 ParOldGen       total 59520K, used 9954K [0x00000007a8c00000, 0x00000007ac620000, 0x00000007e2eb0000)
  object space 59520K, 16% used [0x00000007a8c00000,0x00000007a95b8a58,0x00000007ac620000)
 PSPermGen       total 21248K, used 11545K [0x00000007a3a00000, 0x00000007a4ec0000, 0x00000007a8c00000)
  object space 21248K, 54% used [0x00000007a3a00000,0x00000007a4546590,0x00000007a4ec0000)
GC Heap History (4 events):
Event: 28.215 GC heap before
{Heap before GC invocations=1 (full 0):
 PSYoungGen      total 26048K, used 21758K [0x00000007e2eb0000, 0x00000007e4bc0000, 0x0000000800000000)
  eden space 22336K, 97% used [0x00000007e2eb0000,0x00000007e43efa68,0x00000007e4480000)
  from space 3712K, 0% used [0x00000007e4820000,0x00000007e4820000,0x00000007e4bc0000)
  to   space 3712K, 0% used [0x00000007e4480000,0x00000007e4480000,0x00000007e4820000)
 ParOldGen       total 59520K, used 0K [0x00000007a8c00000, 0x00000007ac620000, 0x00000007e2eb0000)
  object space 59520K, 0% used [0x00000007a8c00000,0x00000007a8c00000,0x00000007ac620000)
 PSPermGen       total 21248K, used 11401K [0x00000007a3a00000, 0x00000007a4ec0000, 0x00000007a8c00000)
  object space 21248K, 53% used [0x00000007a3a00000,0x00000007a4522540,0x00000007a4ec0000)
Event: 28.225 GC heap after
Heap after GC invocations=1 (full 0):
 PSYoungGen      total 26048K, used 3686K [0x00000007e2eb0000, 0x00000007e4bc0000, 0x0000000800000000)
  eden space 22336K, 0% used [0x00000007e2eb0000,0x00000007e2eb0000,0x00000007e4480000)
  from space 3712K, 99% used [0x00000007e4480000,0x00000007e4819b30,0x00000007e4820000)
  to   space 3712K, 0% used [0x00000007e4820000,0x00000007e4820000,0x00000007e4bc0000)
 ParOldGen       total 59520K, used 3751K [0x00000007a8c00000, 0x00000007ac620000, 0x00000007e2eb0000)
  object space 59520K, 6% used [0x00000007a8c00000,0x00000007a8fa9cb8,0x00000007ac620000)
 PSPermGen       total 21248K, used 11401K [0x00000007a3a00000, 0x00000007a4ec0000, 0x00000007a8c00000)
  object space 21248K, 53% used [0x00000007a3a00000,0x00000007a4522540,0x00000007a4ec0000)
}
Event: 42.198 GC heap before
{Heap before GC invocations=2 (full 0):
 PSYoungGen      total 26048K, used 26022K [0x00000007e2eb0000, 0x00000007e4bc0000, 0x0000000800000000)
  eden space 22336K, 100% used [0x00000007e2eb0000,0x00000007e4480000,0x00000007e4480000)
  from space 3712K, 99% used [0x00000007e4480000,0x00000007e4819b30,0x00000007e4820000)
  to   space 3712K, 0% used [0x00000007e4820000,0x00000007e4820000,0x00000007e4bc0000)
 ParOldGen       total 59520K, used 3751K [0x00000007a8c00000, 0x00000007ac620000, 0x00000007e2eb0000)
  object space 59520K, 6% used [0x00000007a8c00000,0x00000007a8fa9cb8,0x00000007ac620000)
 PSPermGen       total 21248K, used 11482K [0x00000007a3a00000, 0x00000007a4ec0000, 0x00000007a8c00000)
  object space 21248K, 54% used [0x00000007a3a00000,0x00000007a4536ac0,0x00000007a4ec0000)
Event: 42.205 GC heap after
Heap after GC invocations=2 (full 0):
 PSYoungGen      total 26048K, used 3694K [0x00000007e2eb0000, 0x00000007e4bc0000, 0x0000000800000000)
  eden space 22336K, 0% used [0x00000007e2eb0000,0x00000007e2eb0000,0x00000007e4480000)
  from space 3712K, 99% used [0x00000007e4820000,0x00000007e4bbbbb8,0x00000007e4bc0000)
  to   space 3712K, 0% used [0x00000007e4480000,0x00000007e4480000,0x00000007e4820000)
 ParOldGen       total 59520K, used 9954K [0x00000007a8c00000, 0x00000007ac620000, 0x00000007e2eb0000)
  object space 59520K, 16% used [0x00000007a8c00000,0x00000007a95b8a58,0x00000007ac620000)
 PSPermGen       total 21248K, used 11482K [0x00000007a3a00000, 0x00000007a4ec0000, 0x00000007a8c00000)
  object space 21248K, 54% used [0x00000007a3a00000,0x00000007a4536ac0,0x00000007a4ec0000)
}

